  DCCAnalyzer.cpp
C:\Users\ecwhi\iCloudDrive\Documents\GitHub\nmradcc\DCCAnalyzer\src\DCCAnalyzer.cpp(142,20): warning C4244: '=': conversion from 'double' to 'UINT', possible loss of data
C:\Users\ecwhi\iCloudDrive\Documents\GitHub\nmradcc\DCCAnalyzer\src\DCCAnalyzer.cpp(146,20): warning C4244: '=': conversion from 'double' to 'UINT', possible loss of data
C:\Users\ecwhi\iCloudDrive\Documents\GitHub\nmradcc\DCCAnalyzer\src\DCCAnalyzer.cpp(147,20): warning C4244: '=': conversion from 'double' to 'UINT', possible loss of data
C:\Users\ecwhi\iCloudDrive\Documents\GitHub\nmradcc\DCCAnalyzer\src\DCCAnalyzer.cpp(148,20): warning C4244: '=': conversion from 'double' to 'UINT', possible loss of data
C:\Users\ecwhi\iCloudDrive\Documents\GitHub\nmradcc\DCCAnalyzer\src\DCCAnalyzer.cpp(149,20): warning C4244: '=': conversion from 'double' to 'UINT', possible loss of data
C:\Users\ecwhi\iCloudDrive\Documents\GitHub\nmradcc\DCCAnalyzer\src\DCCAnalyzer.cpp(154,20): warning C4244: '=': conversion from 'double' to 'UINT', possible loss of data
C:\Users\ecwhi\iCloudDrive\Documents\GitHub\nmradcc\DCCAnalyzer\src\DCCAnalyzer.cpp(155,20): warning C4244: '=': conversion from 'double' to 'UINT', possible loss of data
C:\Users\ecwhi\iCloudDrive\Documents\GitHub\nmradcc\DCCAnalyzer\src\DCCAnalyzer.cpp(156,20): warning C4244: '=': conversion from 'double' to 'UINT', possible loss of data
C:\Users\ecwhi\iCloudDrive\Documents\GitHub\nmradcc\DCCAnalyzer\src\DCCAnalyzer.cpp(157,20): warning C4244: '=': conversion from 'double' to 'UINT', possible loss of data
C:\Users\ecwhi\iCloudDrive\Documents\GitHub\nmradcc\DCCAnalyzer\src\DCCAnalyzer.cpp(413,58): warning C4244: 'argument': conversion from 'U64' to 'U8', possible loss of data
  DCCAnalyzerResults.cpp
C:\Users\ecwhi\iCloudDrive\Documents\GitHub\nmradcc\DCCAnalyzer\src\DCCAnalyzerResults.cpp(27,3): warning C4996: 'sprintf': This function or variable may be unsafe. Consider using sprintf_s instead. To disable deprecation, use _CRT_SECURE_NO_WARNINGS. See online help for details.
C:\Users\ecwhi\iCloudDrive\Documents\GitHub\nmradcc\DCCAnalyzer\src\DCCAnalyzerResults.cpp(30,3): warning C4996: 'sprintf': This function or variable may be unsafe. Consider using sprintf_s instead. To disable deprecation, use _CRT_SECURE_NO_WARNINGS. See online help for details.
C:\Users\ecwhi\iCloudDrive\Documents\GitHub\nmradcc\DCCAnalyzer\src\DCCAnalyzerResults.cpp(33,3): warning C4996: 'sprintf': This function or variable may be unsafe. Consider using sprintf_s instead. To disable deprecation, use _CRT_SECURE_NO_WARNINGS. See online help for details.
C:\Users\ecwhi\iCloudDrive\Documents\GitHub\nmradcc\DCCAnalyzer\src\DCCAnalyzerResults.cpp(50,4): warning C4996: 'sprintf': This function or variable may be unsafe. Consider using sprintf_s instead. To disable deprecation, use _CRT_SECURE_NO_WARNINGS. See online help for details.
C:\Users\ecwhi\iCloudDrive\Documents\GitHub\nmradcc\DCCAnalyzer\src\DCCAnalyzerResults.cpp(53,4): warning C4996: 'sprintf': This function or variable may be unsafe. Consider using sprintf_s instead. To disable deprecation, use _CRT_SECURE_NO_WARNINGS. See online help for details.
C:\Users\ecwhi\iCloudDrive\Documents\GitHub\nmradcc\DCCAnalyzer\src\DCCAnalyzerResults.cpp(57,4): warning C4996: 'sprintf': This function or variable may be unsafe. Consider using sprintf_s instead. To disable deprecation, use _CRT_SECURE_NO_WARNINGS. See online help for details.
C:\Users\ecwhi\iCloudDrive\Documents\GitHub\nmradcc\DCCAnalyzer\src\DCCAnalyzerResults.cpp(61,4): warning C4996: 'sprintf': This function or variable may be unsafe. Consider using sprintf_s instead. To disable deprecation, use _CRT_SECURE_NO_WARNINGS. See online help for details.
C:\Users\ecwhi\iCloudDrive\Documents\GitHub\nmradcc\DCCAnalyzer\src\DCCAnalyzerResults.cpp(65,4): warning C4996: 'sprintf': This function or variable may be unsafe. Consider using sprintf_s instead. To disable deprecation, use _CRT_SECURE_NO_WARNINGS. See online help for details.
C:\Users\ecwhi\iCloudDrive\Documents\GitHub\nmradcc\DCCAnalyzer\src\DCCAnalyzerResults.cpp(68,4): warning C4996: 'sprintf': This function or variable may be unsafe. Consider using sprintf_s instead. To disable deprecation, use _CRT_SECURE_NO_WARNINGS. See online help for details.
C:\Users\ecwhi\iCloudDrive\Documents\GitHub\nmradcc\DCCAnalyzer\src\DCCAnalyzerResults.cpp(71,4): warning C4996: 'sprintf': This function or variable may be unsafe. Consider using sprintf_s instead. To disable deprecation, use _CRT_SECURE_NO_WARNINGS. See online help for details.
C:\Users\ecwhi\iCloudDrive\Documents\GitHub\nmradcc\DCCAnalyzer\src\DCCAnalyzerResults.cpp(79,4): warning C4996: 'sprintf': This function or variable may be unsafe. Consider using sprintf_s instead. To disable deprecation, use _CRT_SECURE_NO_WARNINGS. See online help for details.
C:\Users\ecwhi\iCloudDrive\Documents\GitHub\nmradcc\DCCAnalyzer\src\DCCAnalyzerResults.cpp(82,4): warning C4996: 'sprintf': This function or variable may be unsafe. Consider using sprintf_s instead. To disable deprecation, use _CRT_SECURE_NO_WARNINGS. See online help for details.
C:\Users\ecwhi\iCloudDrive\Documents\GitHub\nmradcc\DCCAnalyzer\src\DCCAnalyzerResults.cpp(85,4): warning C4996: 'sprintf': This function or variable may be unsafe. Consider using sprintf_s instead. To disable deprecation, use _CRT_SECURE_NO_WARNINGS. See online help for details.
C:\Users\ecwhi\iCloudDrive\Documents\GitHub\nmradcc\DCCAnalyzer\src\DCCAnalyzerResults.cpp(90,3): warning C4996: 'sprintf': This function or variable may be unsafe. Consider using sprintf_s instead. To disable deprecation, use _CRT_SECURE_NO_WARNINGS. See online help for details.
C:\Users\ecwhi\iCloudDrive\Documents\GitHub\nmradcc\DCCAnalyzer\src\DCCAnalyzerResults.cpp(96,4): warning C4996: 'sprintf': This function or variable may be unsafe. Consider using sprintf_s instead. To disable deprecation, use _CRT_SECURE_NO_WARNINGS. See online help for details.
C:\Users\ecwhi\iCloudDrive\Documents\GitHub\nmradcc\DCCAnalyzer\src\DCCAnalyzerResults.cpp(99,4): warning C4996: 'sprintf': This function or variable may be unsafe. Consider using sprintf_s instead. To disable deprecation, use _CRT_SECURE_NO_WARNINGS. See online help for details.
C:\Users\ecwhi\iCloudDrive\Documents\GitHub\nmradcc\DCCAnalyzer\src\DCCAnalyzerResults.cpp(102,4): warning C4996: 'sprintf': This function or variable may be unsafe. Consider using sprintf_s instead. To disable deprecation, use _CRT_SECURE_NO_WARNINGS. See online help for details.
C:\Users\ecwhi\iCloudDrive\Documents\GitHub\nmradcc\DCCAnalyzer\src\DCCAnalyzerResults.cpp(105,4): warning C4996: 'sprintf': This function or variable may be unsafe. Consider using sprintf_s instead. To disable deprecation, use _CRT_SECURE_NO_WARNINGS. See online help for details.
C:\Users\ecwhi\iCloudDrive\Documents\GitHub\nmradcc\DCCAnalyzer\src\DCCAnalyzerResults.cpp(117,4): warning C4996: 'sprintf': This function or variable may be unsafe. Consider using sprintf_s instead. To disable deprecation, use _CRT_SECURE_NO_WARNINGS. See online help for details.
C:\Users\ecwhi\iCloudDrive\Documents\GitHub\nmradcc\DCCAnalyzer\src\DCCAnalyzerResults.cpp(121,4): warning C4996: 'sprintf': This function or variable may be unsafe. Consider using sprintf_s instead. To disable deprecation, use _CRT_SECURE_NO_WARNINGS. See online help for details.
C:\Users\ecwhi\iCloudDrive\Documents\GitHub\nmradcc\DCCAnalyzer\src\DCCAnalyzerResults.cpp(124,4): warning C4996: 'sprintf': This function or variable may be unsafe. Consider using sprintf_s instead. To disable deprecation, use _CRT_SECURE_NO_WARNINGS. See online help for details.
C:\Users\ecwhi\iCloudDrive\Documents\GitHub\nmradcc\DCCAnalyzer\src\DCCAnalyzerResults.cpp(126,3): warning C4996: 'sprintf': This function or variable may be unsafe. Consider using sprintf_s instead. To disable deprecation, use _CRT_SECURE_NO_WARNINGS. See online help for details.
C:\Users\ecwhi\iCloudDrive\Documents\GitHub\nmradcc\DCCAnalyzer\src\DCCAnalyzerResults.cpp(135,4): warning C4996: 'sprintf': This function or variable may be unsafe. Consider using sprintf_s instead. To disable deprecation, use _CRT_SECURE_NO_WARNINGS. See online help for details.
C:\Users\ecwhi\iCloudDrive\Documents\GitHub\nmradcc\DCCAnalyzer\src\DCCAnalyzerResults.cpp(139,4): warning C4996: 'sprintf': This function or variable may be unsafe. Consider using sprintf_s instead. To disable deprecation, use _CRT_SECURE_NO_WARNINGS. See online help for details.
C:\Users\ecwhi\iCloudDrive\Documents\GitHub\nmradcc\DCCAnalyzer\src\DCCAnalyzerResults.cpp(142,4): warning C4996: 'sprintf': This function or variable may be unsafe. Consider using sprintf_s instead. To disable deprecation, use _CRT_SECURE_NO_WARNINGS. See online help for details.
C:\Users\ecwhi\iCloudDrive\Documents\GitHub\nmradcc\DCCAnalyzer\src\DCCAnalyzerResults.cpp(144,3): warning C4996: 'sprintf': This function or variable may be unsafe. Consider using sprintf_s instead. To disable deprecation, use _CRT_SECURE_NO_WARNINGS. See online help for details.
C:\Users\ecwhi\iCloudDrive\Documents\GitHub\nmradcc\DCCAnalyzer\src\DCCAnalyzerResults.cpp(148,3): warning C4996: 'sprintf': This function or variable may be unsafe. Consider using sprintf_s instead. To disable deprecation, use _CRT_SECURE_NO_WARNINGS. See online help for details.
C:\Users\ecwhi\iCloudDrive\Documents\GitHub\nmradcc\DCCAnalyzer\src\DCCAnalyzerResults.cpp(152,3): warning C4996: 'sprintf': This function or variable may be unsafe. Consider using sprintf_s instead. To disable deprecation, use _CRT_SECURE_NO_WARNINGS. See online help for details.
C:\Users\ecwhi\iCloudDrive\Documents\GitHub\nmradcc\DCCAnalyzer\src\DCCAnalyzerResults.cpp(159,4): warning C4996: 'sprintf': This function or variable may be unsafe. Consider using sprintf_s instead. To disable deprecation, use _CRT_SECURE_NO_WARNINGS. See online help for details.
C:\Users\ecwhi\iCloudDrive\Documents\GitHub\nmradcc\DCCAnalyzer\src\DCCAnalyzerResults.cpp(162,4): warning C4996: 'sprintf': This function or variable may be unsafe. Consider using sprintf_s instead. To disable deprecation, use _CRT_SECURE_NO_WARNINGS. See online help for details.
C:\Users\ecwhi\iCloudDrive\Documents\GitHub\nmradcc\DCCAnalyzer\src\DCCAnalyzerResults.cpp(165,4): warning C4996: 'sprintf': This function or variable may be unsafe. Consider using sprintf_s instead. To disable deprecation, use _CRT_SECURE_NO_WARNINGS. See online help for details.
C:\Users\ecwhi\iCloudDrive\Documents\GitHub\nmradcc\DCCAnalyzer\src\DCCAnalyzerResults.cpp(168,4): warning C4996: 'sprintf': This function or variable may be unsafe. Consider using sprintf_s instead. To disable deprecation, use _CRT_SECURE_NO_WARNINGS. See online help for details.
C:\Users\ecwhi\iCloudDrive\Documents\GitHub\nmradcc\DCCAnalyzer\src\DCCAnalyzerResults.cpp(171,4): warning C4996: 'sprintf': This function or variable may be unsafe. Consider using sprintf_s instead. To disable deprecation, use _CRT_SECURE_NO_WARNINGS. See online help for details.
C:\Users\ecwhi\iCloudDrive\Documents\GitHub\nmradcc\DCCAnalyzer\src\DCCAnalyzerResults.cpp(178,4): warning C4996: 'sprintf': This function or variable may be unsafe. Consider using sprintf_s instead. To disable deprecation, use _CRT_SECURE_NO_WARNINGS. See online help for details.
C:\Users\ecwhi\iCloudDrive\Documents\GitHub\nmradcc\DCCAnalyzer\src\DCCAnalyzerResults.cpp(181,4): warning C4996: 'sprintf': This function or variable may be unsafe. Consider using sprintf_s instead. To disable deprecation, use _CRT_SECURE_NO_WARNINGS. See online help for details.
C:\Users\ecwhi\iCloudDrive\Documents\GitHub\nmradcc\DCCAnalyzer\src\DCCAnalyzerResults.cpp(184,4): warning C4996: 'sprintf': This function or variable may be unsafe. Consider using sprintf_s instead. To disable deprecation, use _CRT_SECURE_NO_WARNINGS. See online help for details.
C:\Users\ecwhi\iCloudDrive\Documents\GitHub\nmradcc\DCCAnalyzer\src\DCCAnalyzerResults.cpp(187,4): warning C4996: 'sprintf': This function or variable may be unsafe. Consider using sprintf_s instead. To disable deprecation, use _CRT_SECURE_NO_WARNINGS. See online help for details.
C:\Users\ecwhi\iCloudDrive\Documents\GitHub\nmradcc\DCCAnalyzer\src\DCCAnalyzerResults.cpp(194,4): warning C4996: 'sprintf': This function or variable may be unsafe. Consider using sprintf_s instead. To disable deprecation, use _CRT_SECURE_NO_WARNINGS. See online help for details.
C:\Users\ecwhi\iCloudDrive\Documents\GitHub\nmradcc\DCCAnalyzer\src\DCCAnalyzerResults.cpp(197,4): warning C4996: 'sprintf': This function or variable may be unsafe. Consider using sprintf_s instead. To disable deprecation, use _CRT_SECURE_NO_WARNINGS. See online help for details.
C:\Users\ecwhi\iCloudDrive\Documents\GitHub\nmradcc\DCCAnalyzer\src\DCCAnalyzerResults.cpp(200,4): warning C4996: 'sprintf': This function or variable may be unsafe. Consider using sprintf_s instead. To disable deprecation, use _CRT_SECURE_NO_WARNINGS. See online help for details.
C:\Users\ecwhi\iCloudDrive\Documents\GitHub\nmradcc\DCCAnalyzer\src\DCCAnalyzerResults.cpp(203,4): warning C4996: 'sprintf': This function or variable may be unsafe. Consider using sprintf_s instead. To disable deprecation, use _CRT_SECURE_NO_WARNINGS. See online help for details.
C:\Users\ecwhi\iCloudDrive\Documents\GitHub\nmradcc\DCCAnalyzer\src\DCCAnalyzerResults.cpp(206,4): warning C4996: 'sprintf': This function or variable may be unsafe. Consider using sprintf_s instead. To disable deprecation, use _CRT_SECURE_NO_WARNINGS. See online help for details.
C:\Users\ecwhi\iCloudDrive\Documents\GitHub\nmradcc\DCCAnalyzer\src\DCCAnalyzerResults.cpp(210,3): warning C4996: 'sprintf': This function or variable may be unsafe. Consider using sprintf_s instead. To disable deprecation, use _CRT_SECURE_NO_WARNINGS. See online help for details.
C:\Users\ecwhi\iCloudDrive\Documents\GitHub\nmradcc\DCCAnalyzer\src\DCCAnalyzerResults.cpp(220,3): warning C4996: 'sprintf': This function or variable may be unsafe. Consider using sprintf_s instead. To disable deprecation, use _CRT_SECURE_NO_WARNINGS. See online help for details.
C:\Users\ecwhi\iCloudDrive\Documents\GitHub\nmradcc\DCCAnalyzer\src\DCCAnalyzerResults.cpp(222,3): warning C4996: 'sprintf': This function or variable may be unsafe. Consider using sprintf_s instead. To disable deprecation, use _CRT_SECURE_NO_WARNINGS. See online help for details.
C:\Users\ecwhi\iCloudDrive\Documents\GitHub\nmradcc\DCCAnalyzer\src\DCCAnalyzerResults.cpp(274,99): warning C4244: 'argument': conversion from 'U64' to 'U8', possible loss of data
C:\Users\ecwhi\iCloudDrive\Documents\GitHub\nmradcc\DCCAnalyzer\src\DCCAnalyzerResults.cpp(280,103): warning C4244: 'argument': conversion from 'U64' to 'U8', possible loss of data
C:\Users\ecwhi\iCloudDrive\Documents\GitHub\nmradcc\DCCAnalyzer\src\DCCAnalyzerResults.cpp(286,81): warning C4244: 'argument': conversion from 'U64' to 'U8', possible loss of data
C:\Users\ecwhi\iCloudDrive\Documents\GitHub\nmradcc\DCCAnalyzer\src\DCCAnalyzerResults.cpp(255,4): warning C4996: 'sprintf': This function or variable may be unsafe. Consider using sprintf_s instead. To disable deprecation, use _CRT_SECURE_NO_WARNINGS. See online help for details.
C:\Users\ecwhi\iCloudDrive\Documents\GitHub\nmradcc\DCCAnalyzer\src\DCCAnalyzerResults.cpp(258,4): warning C4996: 'sprintf': This function or variable may be unsafe. Consider using sprintf_s instead. To disable deprecation, use _CRT_SECURE_NO_WARNINGS. See online help for details.
C:\Users\ecwhi\iCloudDrive\Documents\GitHub\nmradcc\DCCAnalyzer\src\DCCAnalyzerResults.cpp(261,4): warning C4996: 'sprintf': This function or variable may be unsafe. Consider using sprintf_s instead. To disable deprecation, use _CRT_SECURE_NO_WARNINGS. See online help for details.
C:\Users\ecwhi\iCloudDrive\Documents\GitHub\nmradcc\DCCAnalyzer\src\DCCAnalyzerResults.cpp(342,83): warning C4267: 'argument': conversion from 'size_t' to 'U32', possible loss of data
C:\Users\ecwhi\iCloudDrive\Documents\GitHub\nmradcc\DCCAnalyzer\src\DCCAnalyzerResults.cpp(393,105): warning C4244: 'argument': conversion from 'U64' to 'U8', possible loss of data
C:\Users\ecwhi\iCloudDrive\Documents\GitHub\nmradcc\DCCAnalyzer\src\DCCAnalyzerResults.cpp(396,109): warning C4244: 'argument': conversion from 'U64' to 'U8', possible loss of data
C:\Users\ecwhi\iCloudDrive\Documents\GitHub\nmradcc\DCCAnalyzer\src\DCCAnalyzerResults.cpp(399,87): warning C4244: 'argument': conversion from 'U64' to 'U8', possible loss of data
  DCCAnalyzerSettings.cpp
C:\Users\ecwhi\iCloudDrive\Documents\GitHub\nmradcc\DCCAnalyzer\src\DCCAnalyzerSettings.cpp(24,37): warning C4244: 'argument': conversion from 'U64' to 'int', possible loss of data
C:\Users\ecwhi\iCloudDrive\Documents\GitHub\nmradcc\DCCAnalyzer\src\DCCAnalyzerSettings.cpp(70,37): warning C4244: 'argument': conversion from 'U64' to 'int', possible loss of data
  DCCSimulationDataGenerator.cpp
C:\Users\ecwhi\iCloudDrive\Documents\GitHub\nmradcc\DCCAnalyzer\src\DCCSimulationDataGenerator.cpp(23,48): warning C4244: '=': conversion from 'double' to 'U64', possible loss of data
C:\Users\ecwhi\iCloudDrive\Documents\GitHub\nmradcc\DCCAnalyzer\src\DCCSimulationDataGenerator.cpp(24,48): warning C4244: '=': conversion from 'double' to 'U64', possible loss of data
C:\Users\ecwhi\iCloudDrive\Documents\GitHub\nmradcc\DCCAnalyzer\src\DCCSimulationDataGenerator.cpp(27,32): warning C4244: 'argument': conversion from 'U64' to 'U32', possible loss of data
C:\Users\ecwhi\iCloudDrive\Documents\GitHub\nmradcc\DCCAnalyzer\src\DCCSimulationDataGenerator.cpp(72,30): warning C4244: 'argument': conversion from 'U64' to 'U32', possible loss of data
C:\Users\ecwhi\iCloudDrive\Documents\GitHub\nmradcc\DCCAnalyzer\src\DCCSimulationDataGenerator.cpp(80,29): warning C4244: 'argument': conversion from 'U64' to 'U32', possible loss of data
C:\Users\ecwhi\iCloudDrive\Documents\GitHub\nmradcc\DCCAnalyzer\src\DCCSimulationDataGenerator.cpp(82,29): warning C4244: 'argument': conversion from 'U64' to 'U32', possible loss of data
C:\Users\ecwhi\iCloudDrive\Documents\GitHub\nmradcc\DCCAnalyzer\src\DCCSimulationDataGenerator.cpp(88,31): warning C4244: 'argument': conversion from 'U64' to 'U32', possible loss of data
C:\Users\ecwhi\iCloudDrive\Documents\GitHub\nmradcc\DCCAnalyzer\src\DCCSimulationDataGenerator.cpp(90,31): warning C4244: 'argument': conversion from 'U64' to 'U32', possible loss of data
C:\Users\ecwhi\iCloudDrive\Documents\GitHub\nmradcc\DCCAnalyzer\src\DCCSimulationDataGenerator.cpp(93,31): warning C4244: 'argument': conversion from 'U64' to 'U32', possible loss of data
C:\Users\ecwhi\iCloudDrive\Documents\GitHub\nmradcc\DCCAnalyzer\src\DCCSimulationDataGenerator.cpp(95,31): warning C4244: 'argument': conversion from 'U64' to 'U32', possible loss of data
     Creating library C:\Users\ecwhi\iCloudDrive\Documents\GitHub\nmradcc\DCCAnalyzer\Saleae\Visual Studio\x64\Release\DCCAnalyzer.lib and object C:\Users\ecwhi\iCloudDrive\Documents\GitHub\nmradcc\DCCAnalyzer\Saleae\Visual Studio\x64\Release\DCCAnalyzer.exp
  Generating code
  117 of 292 functions (40.1%) were compiled, the rest were copied from previous compilation.
    94 functions were new in current compilation
    8 functions had inline decision re-evaluated but remain unchanged
  Finished generating code
  DCCAnalyzer.vcxproj -> C:\Users\ecwhi\iCloudDrive\Documents\GitHub\nmradcc\DCCAnalyzer\Saleae\Visual Studio\x64\Release\DCCAnalyzer.dll
