  DCCAnalyzer.cpp
..\..\src\DCCAnalyzer.cpp(88): warning C4244: '=' : conversion from 'double' to 'UINT', possible loss of data
..\..\src\DCCAnalyzer.cpp(92): warning C4244: '=' : conversion from 'double' to 'UINT', possible loss of data
..\..\src\DCCAnalyzer.cpp(93): warning C4244: '=' : conversion from 'double' to 'UINT', possible loss of data
..\..\src\DCCAnalyzer.cpp(94): warning C4244: '=' : conversion from 'double' to 'UINT', possible loss of data
..\..\src\DCCAnalyzer.cpp(95): warning C4244: '=' : conversion from 'double' to 'UINT', possible loss of data
..\..\src\DCCAnalyzer.cpp(100): warning C4244: '=' : conversion from 'double' to 'UINT', possible loss of data
..\..\src\DCCAnalyzer.cpp(101): warning C4244: '=' : conversion from 'double' to 'UINT', possible loss of data
..\..\src\DCCAnalyzer.cpp(102): warning C4244: '=' : conversion from 'double' to 'UINT', possible loss of data
..\..\src\DCCAnalyzer.cpp(103): warning C4244: '=' : conversion from 'double' to 'UINT', possible loss of data
..\..\src\DCCAnalyzer.cpp(359): warning C4244: 'argument' : conversion from 'U64' to 'U8', possible loss of data
  DCCAnalyzerResults.cpp
..\..\src\DCCAnalyzerResults.cpp(27): warning C4996: 'sprintf': This function or variable may be unsafe. Consider using sprintf_s instead. To disable deprecation, use _CRT_SECURE_NO_WARNINGS. See online help for details.
          C:\Program Files (x86)\Microsoft Visual Studio 12.0\VC\include\stdio.h(356) : see declaration of 'sprintf'
..\..\src\DCCAnalyzerResults.cpp(30): warning C4996: 'sprintf': This function or variable may be unsafe. Consider using sprintf_s instead. To disable deprecation, use _CRT_SECURE_NO_WARNINGS. See online help for details.
          C:\Program Files (x86)\Microsoft Visual Studio 12.0\VC\include\stdio.h(356) : see declaration of 'sprintf'
..\..\src\DCCAnalyzerResults.cpp(33): warning C4996: 'sprintf': This function or variable may be unsafe. Consider using sprintf_s instead. To disable deprecation, use _CRT_SECURE_NO_WARNINGS. See online help for details.
          C:\Program Files (x86)\Microsoft Visual Studio 12.0\VC\include\stdio.h(356) : see declaration of 'sprintf'
..\..\src\DCCAnalyzerResults.cpp(50): warning C4996: 'sprintf': This function or variable may be unsafe. Consider using sprintf_s instead. To disable deprecation, use _CRT_SECURE_NO_WARNINGS. See online help for details.
          C:\Program Files (x86)\Microsoft Visual Studio 12.0\VC\include\stdio.h(356) : see declaration of 'sprintf'
..\..\src\DCCAnalyzerResults.cpp(53): warning C4996: 'sprintf': This function or variable may be unsafe. Consider using sprintf_s instead. To disable deprecation, use _CRT_SECURE_NO_WARNINGS. See online help for details.
          C:\Program Files (x86)\Microsoft Visual Studio 12.0\VC\include\stdio.h(356) : see declaration of 'sprintf'
..\..\src\DCCAnalyzerResults.cpp(57): warning C4996: 'sprintf': This function or variable may be unsafe. Consider using sprintf_s instead. To disable deprecation, use _CRT_SECURE_NO_WARNINGS. See online help for details.
          C:\Program Files (x86)\Microsoft Visual Studio 12.0\VC\include\stdio.h(356) : see declaration of 'sprintf'
..\..\src\DCCAnalyzerResults.cpp(61): warning C4996: 'sprintf': This function or variable may be unsafe. Consider using sprintf_s instead. To disable deprecation, use _CRT_SECURE_NO_WARNINGS. See online help for details.
          C:\Program Files (x86)\Microsoft Visual Studio 12.0\VC\include\stdio.h(356) : see declaration of 'sprintf'
..\..\src\DCCAnalyzerResults.cpp(65): warning C4996: 'sprintf': This function or variable may be unsafe. Consider using sprintf_s instead. To disable deprecation, use _CRT_SECURE_NO_WARNINGS. See online help for details.
          C:\Program Files (x86)\Microsoft Visual Studio 12.0\VC\include\stdio.h(356) : see declaration of 'sprintf'
..\..\src\DCCAnalyzerResults.cpp(68): warning C4996: 'sprintf': This function or variable may be unsafe. Consider using sprintf_s instead. To disable deprecation, use _CRT_SECURE_NO_WARNINGS. See online help for details.
          C:\Program Files (x86)\Microsoft Visual Studio 12.0\VC\include\stdio.h(356) : see declaration of 'sprintf'
..\..\src\DCCAnalyzerResults.cpp(71): warning C4996: 'sprintf': This function or variable may be unsafe. Consider using sprintf_s instead. To disable deprecation, use _CRT_SECURE_NO_WARNINGS. See online help for details.
          C:\Program Files (x86)\Microsoft Visual Studio 12.0\VC\include\stdio.h(356) : see declaration of 'sprintf'
..\..\src\DCCAnalyzerResults.cpp(79): warning C4996: 'sprintf': This function or variable may be unsafe. Consider using sprintf_s instead. To disable deprecation, use _CRT_SECURE_NO_WARNINGS. See online help for details.
          C:\Program Files (x86)\Microsoft Visual Studio 12.0\VC\include\stdio.h(356) : see declaration of 'sprintf'
..\..\src\DCCAnalyzerResults.cpp(82): warning C4996: 'sprintf': This function or variable may be unsafe. Consider using sprintf_s instead. To disable deprecation, use _CRT_SECURE_NO_WARNINGS. See online help for details.
          C:\Program Files (x86)\Microsoft Visual Studio 12.0\VC\include\stdio.h(356) : see declaration of 'sprintf'
..\..\src\DCCAnalyzerResults.cpp(85): warning C4996: 'sprintf': This function or variable may be unsafe. Consider using sprintf_s instead. To disable deprecation, use _CRT_SECURE_NO_WARNINGS. See online help for details.
          C:\Program Files (x86)\Microsoft Visual Studio 12.0\VC\include\stdio.h(356) : see declaration of 'sprintf'
..\..\src\DCCAnalyzerResults.cpp(90): warning C4996: 'sprintf': This function or variable may be unsafe. Consider using sprintf_s instead. To disable deprecation, use _CRT_SECURE_NO_WARNINGS. See online help for details.
          C:\Program Files (x86)\Microsoft Visual Studio 12.0\VC\include\stdio.h(356) : see declaration of 'sprintf'
..\..\src\DCCAnalyzerResults.cpp(96): warning C4996: 'sprintf': This function or variable may be unsafe. Consider using sprintf_s instead. To disable deprecation, use _CRT_SECURE_NO_WARNINGS. See online help for details.
          C:\Program Files (x86)\Microsoft Visual Studio 12.0\VC\include\stdio.h(356) : see declaration of 'sprintf'
..\..\src\DCCAnalyzerResults.cpp(99): warning C4996: 'sprintf': This function or variable may be unsafe. Consider using sprintf_s instead. To disable deprecation, use _CRT_SECURE_NO_WARNINGS. See online help for details.
          C:\Program Files (x86)\Microsoft Visual Studio 12.0\VC\include\stdio.h(356) : see declaration of 'sprintf'
..\..\src\DCCAnalyzerResults.cpp(102): warning C4996: 'sprintf': This function or variable may be unsafe. Consider using sprintf_s instead. To disable deprecation, use _CRT_SECURE_NO_WARNINGS. See online help for details.
          C:\Program Files (x86)\Microsoft Visual Studio 12.0\VC\include\stdio.h(356) : see declaration of 'sprintf'
..\..\src\DCCAnalyzerResults.cpp(105): warning C4996: 'sprintf': This function or variable may be unsafe. Consider using sprintf_s instead. To disable deprecation, use _CRT_SECURE_NO_WARNINGS. See online help for details.
          C:\Program Files (x86)\Microsoft Visual Studio 12.0\VC\include\stdio.h(356) : see declaration of 'sprintf'
..\..\src\DCCAnalyzerResults.cpp(117): warning C4996: 'sprintf': This function or variable may be unsafe. Consider using sprintf_s instead. To disable deprecation, use _CRT_SECURE_NO_WARNINGS. See online help for details.
          C:\Program Files (x86)\Microsoft Visual Studio 12.0\VC\include\stdio.h(356) : see declaration of 'sprintf'
..\..\src\DCCAnalyzerResults.cpp(121): warning C4996: 'sprintf': This function or variable may be unsafe. Consider using sprintf_s instead. To disable deprecation, use _CRT_SECURE_NO_WARNINGS. See online help for details.
          C:\Program Files (x86)\Microsoft Visual Studio 12.0\VC\include\stdio.h(356) : see declaration of 'sprintf'
..\..\src\DCCAnalyzerResults.cpp(124): warning C4996: 'sprintf': This function or variable may be unsafe. Consider using sprintf_s instead. To disable deprecation, use _CRT_SECURE_NO_WARNINGS. See online help for details.
          C:\Program Files (x86)\Microsoft Visual Studio 12.0\VC\include\stdio.h(356) : see declaration of 'sprintf'
..\..\src\DCCAnalyzerResults.cpp(126): warning C4996: 'sprintf': This function or variable may be unsafe. Consider using sprintf_s instead. To disable deprecation, use _CRT_SECURE_NO_WARNINGS. See online help for details.
          C:\Program Files (x86)\Microsoft Visual Studio 12.0\VC\include\stdio.h(356) : see declaration of 'sprintf'
..\..\src\DCCAnalyzerResults.cpp(135): warning C4996: 'sprintf': This function or variable may be unsafe. Consider using sprintf_s instead. To disable deprecation, use _CRT_SECURE_NO_WARNINGS. See online help for details.
          C:\Program Files (x86)\Microsoft Visual Studio 12.0\VC\include\stdio.h(356) : see declaration of 'sprintf'
..\..\src\DCCAnalyzerResults.cpp(139): warning C4996: 'sprintf': This function or variable may be unsafe. Consider using sprintf_s instead. To disable deprecation, use _CRT_SECURE_NO_WARNINGS. See online help for details.
          C:\Program Files (x86)\Microsoft Visual Studio 12.0\VC\include\stdio.h(356) : see declaration of 'sprintf'
..\..\src\DCCAnalyzerResults.cpp(142): warning C4996: 'sprintf': This function or variable may be unsafe. Consider using sprintf_s instead. To disable deprecation, use _CRT_SECURE_NO_WARNINGS. See online help for details.
          C:\Program Files (x86)\Microsoft Visual Studio 12.0\VC\include\stdio.h(356) : see declaration of 'sprintf'
..\..\src\DCCAnalyzerResults.cpp(144): warning C4996: 'sprintf': This function or variable may be unsafe. Consider using sprintf_s instead. To disable deprecation, use _CRT_SECURE_NO_WARNINGS. See online help for details.
          C:\Program Files (x86)\Microsoft Visual Studio 12.0\VC\include\stdio.h(356) : see declaration of 'sprintf'
..\..\src\DCCAnalyzerResults.cpp(148): warning C4996: 'sprintf': This function or variable may be unsafe. Consider using sprintf_s instead. To disable deprecation, use _CRT_SECURE_NO_WARNINGS. See online help for details.
          C:\Program Files (x86)\Microsoft Visual Studio 12.0\VC\include\stdio.h(356) : see declaration of 'sprintf'
..\..\src\DCCAnalyzerResults.cpp(152): warning C4996: 'sprintf': This function or variable may be unsafe. Consider using sprintf_s instead. To disable deprecation, use _CRT_SECURE_NO_WARNINGS. See online help for details.
          C:\Program Files (x86)\Microsoft Visual Studio 12.0\VC\include\stdio.h(356) : see declaration of 'sprintf'
..\..\src\DCCAnalyzerResults.cpp(159): warning C4996: 'sprintf': This function or variable may be unsafe. Consider using sprintf_s instead. To disable deprecation, use _CRT_SECURE_NO_WARNINGS. See online help for details.
          C:\Program Files (x86)\Microsoft Visual Studio 12.0\VC\include\stdio.h(356) : see declaration of 'sprintf'
..\..\src\DCCAnalyzerResults.cpp(162): warning C4996: 'sprintf': This function or variable may be unsafe. Consider using sprintf_s instead. To disable deprecation, use _CRT_SECURE_NO_WARNINGS. See online help for details.
          C:\Program Files (x86)\Microsoft Visual Studio 12.0\VC\include\stdio.h(356) : see declaration of 'sprintf'
..\..\src\DCCAnalyzerResults.cpp(165): warning C4996: 'sprintf': This function or variable may be unsafe. Consider using sprintf_s instead. To disable deprecation, use _CRT_SECURE_NO_WARNINGS. See online help for details.
          C:\Program Files (x86)\Microsoft Visual Studio 12.0\VC\include\stdio.h(356) : see declaration of 'sprintf'
..\..\src\DCCAnalyzerResults.cpp(168): warning C4996: 'sprintf': This function or variable may be unsafe. Consider using sprintf_s instead. To disable deprecation, use _CRT_SECURE_NO_WARNINGS. See online help for details.
          C:\Program Files (x86)\Microsoft Visual Studio 12.0\VC\include\stdio.h(356) : see declaration of 'sprintf'
..\..\src\DCCAnalyzerResults.cpp(171): warning C4996: 'sprintf': This function or variable may be unsafe. Consider using sprintf_s instead. To disable deprecation, use _CRT_SECURE_NO_WARNINGS. See online help for details.
          C:\Program Files (x86)\Microsoft Visual Studio 12.0\VC\include\stdio.h(356) : see declaration of 'sprintf'
..\..\src\DCCAnalyzerResults.cpp(178): warning C4996: 'sprintf': This function or variable may be unsafe. Consider using sprintf_s instead. To disable deprecation, use _CRT_SECURE_NO_WARNINGS. See online help for details.
          C:\Program Files (x86)\Microsoft Visual Studio 12.0\VC\include\stdio.h(356) : see declaration of 'sprintf'
..\..\src\DCCAnalyzerResults.cpp(181): warning C4996: 'sprintf': This function or variable may be unsafe. Consider using sprintf_s instead. To disable deprecation, use _CRT_SECURE_NO_WARNINGS. See online help for details.
          C:\Program Files (x86)\Microsoft Visual Studio 12.0\VC\include\stdio.h(356) : see declaration of 'sprintf'
..\..\src\DCCAnalyzerResults.cpp(184): warning C4996: 'sprintf': This function or variable may be unsafe. Consider using sprintf_s instead. To disable deprecation, use _CRT_SECURE_NO_WARNINGS. See online help for details.
          C:\Program Files (x86)\Microsoft Visual Studio 12.0\VC\include\stdio.h(356) : see declaration of 'sprintf'
..\..\src\DCCAnalyzerResults.cpp(187): warning C4996: 'sprintf': This function or variable may be unsafe. Consider using sprintf_s instead. To disable deprecation, use _CRT_SECURE_NO_WARNINGS. See online help for details.
          C:\Program Files (x86)\Microsoft Visual Studio 12.0\VC\include\stdio.h(356) : see declaration of 'sprintf'
..\..\src\DCCAnalyzerResults.cpp(194): warning C4996: 'sprintf': This function or variable may be unsafe. Consider using sprintf_s instead. To disable deprecation, use _CRT_SECURE_NO_WARNINGS. See online help for details.
          C:\Program Files (x86)\Microsoft Visual Studio 12.0\VC\include\stdio.h(356) : see declaration of 'sprintf'
..\..\src\DCCAnalyzerResults.cpp(197): warning C4996: 'sprintf': This function or variable may be unsafe. Consider using sprintf_s instead. To disable deprecation, use _CRT_SECURE_NO_WARNINGS. See online help for details.
          C:\Program Files (x86)\Microsoft Visual Studio 12.0\VC\include\stdio.h(356) : see declaration of 'sprintf'
..\..\src\DCCAnalyzerResults.cpp(200): warning C4996: 'sprintf': This function or variable may be unsafe. Consider using sprintf_s instead. To disable deprecation, use _CRT_SECURE_NO_WARNINGS. See online help for details.
          C:\Program Files (x86)\Microsoft Visual Studio 12.0\VC\include\stdio.h(356) : see declaration of 'sprintf'
..\..\src\DCCAnalyzerResults.cpp(203): warning C4996: 'sprintf': This function or variable may be unsafe. Consider using sprintf_s instead. To disable deprecation, use _CRT_SECURE_NO_WARNINGS. See online help for details.
          C:\Program Files (x86)\Microsoft Visual Studio 12.0\VC\include\stdio.h(356) : see declaration of 'sprintf'
..\..\src\DCCAnalyzerResults.cpp(206): warning C4996: 'sprintf': This function or variable may be unsafe. Consider using sprintf_s instead. To disable deprecation, use _CRT_SECURE_NO_WARNINGS. See online help for details.
          C:\Program Files (x86)\Microsoft Visual Studio 12.0\VC\include\stdio.h(356) : see declaration of 'sprintf'
..\..\src\DCCAnalyzerResults.cpp(210): warning C4996: 'sprintf': This function or variable may be unsafe. Consider using sprintf_s instead. To disable deprecation, use _CRT_SECURE_NO_WARNINGS. See online help for details.
          C:\Program Files (x86)\Microsoft Visual Studio 12.0\VC\include\stdio.h(356) : see declaration of 'sprintf'
..\..\src\DCCAnalyzerResults.cpp(220): warning C4996: 'sprintf': This function or variable may be unsafe. Consider using sprintf_s instead. To disable deprecation, use _CRT_SECURE_NO_WARNINGS. See online help for details.
          C:\Program Files (x86)\Microsoft Visual Studio 12.0\VC\include\stdio.h(356) : see declaration of 'sprintf'
..\..\src\DCCAnalyzerResults.cpp(222): warning C4996: 'sprintf': This function or variable may be unsafe. Consider using sprintf_s instead. To disable deprecation, use _CRT_SECURE_NO_WARNINGS. See online help for details.
          C:\Program Files (x86)\Microsoft Visual Studio 12.0\VC\include\stdio.h(356) : see declaration of 'sprintf'
..\..\src\DCCAnalyzerResults.cpp(255): warning C4996: 'sprintf': This function or variable may be unsafe. Consider using sprintf_s instead. To disable deprecation, use _CRT_SECURE_NO_WARNINGS. See online help for details.
          C:\Program Files (x86)\Microsoft Visual Studio 12.0\VC\include\stdio.h(356) : see declaration of 'sprintf'
..\..\src\DCCAnalyzerResults.cpp(258): warning C4996: 'sprintf': This function or variable may be unsafe. Consider using sprintf_s instead. To disable deprecation, use _CRT_SECURE_NO_WARNINGS. See online help for details.
          C:\Program Files (x86)\Microsoft Visual Studio 12.0\VC\include\stdio.h(356) : see declaration of 'sprintf'
..\..\src\DCCAnalyzerResults.cpp(261): warning C4996: 'sprintf': This function or variable may be unsafe. Consider using sprintf_s instead. To disable deprecation, use _CRT_SECURE_NO_WARNINGS. See online help for details.
          C:\Program Files (x86)\Microsoft Visual Studio 12.0\VC\include\stdio.h(356) : see declaration of 'sprintf'
..\..\src\DCCAnalyzerResults.cpp(274): warning C4244: 'argument' : conversion from 'U64' to 'U8', possible loss of data
..\..\src\DCCAnalyzerResults.cpp(280): warning C4244: 'argument' : conversion from 'U64' to 'U8', possible loss of data
..\..\src\DCCAnalyzerResults.cpp(286): warning C4244: 'argument' : conversion from 'U64' to 'U8', possible loss of data
  DCCAnalyzerSettings.cpp
..\..\src\DCCAnalyzerSettings.cpp(24): warning C4244: 'argument' : conversion from 'U64' to 'int', possible loss of data
..\..\src\DCCAnalyzerSettings.cpp(70): warning C4244: 'argument' : conversion from 'U64' to 'int', possible loss of data
  DCCSimulationDataGenerator.cpp
..\..\src\DCCSimulationDataGenerator.cpp(23): warning C4244: '=' : conversion from 'const double' to 'U64', possible loss of data
..\..\src\DCCSimulationDataGenerator.cpp(24): warning C4244: '=' : conversion from 'const double' to 'U64', possible loss of data
..\..\src\DCCSimulationDataGenerator.cpp(27): warning C4244: 'argument' : conversion from 'U64' to 'U32', possible loss of data
..\..\src\DCCSimulationDataGenerator.cpp(72): warning C4244: 'argument' : conversion from 'U64' to 'U32', possible loss of data
..\..\src\DCCSimulationDataGenerator.cpp(80): warning C4244: 'argument' : conversion from 'U64' to 'U32', possible loss of data
..\..\src\DCCSimulationDataGenerator.cpp(82): warning C4244: 'argument' : conversion from 'U64' to 'U32', possible loss of data
..\..\src\DCCSimulationDataGenerator.cpp(88): warning C4244: 'argument' : conversion from 'U64' to 'U32', possible loss of data
..\..\src\DCCSimulationDataGenerator.cpp(90): warning C4244: 'argument' : conversion from 'U64' to 'U32', possible loss of data
..\..\src\DCCSimulationDataGenerator.cpp(93): warning C4244: 'argument' : conversion from 'U64' to 'U32', possible loss of data
..\..\src\DCCSimulationDataGenerator.cpp(95): warning C4244: 'argument' : conversion from 'U64' to 'U32', possible loss of data
     Creating library C:\Users\ecwhi\iCloudDrive\Documents\GitHub\nmradcc\DCCAnalyzer\Kingst\vs2013\Release\x64\DCCAnalyzer.lib and object C:\Users\ecwhi\iCloudDrive\Documents\GitHub\nmradcc\DCCAnalyzer\Kingst\vs2013\Release\x64\DCCAnalyzer.exp
  Generating code
  Finished generating code
  DCCAnalyzer.vcxproj -> C:\Users\ecwhi\iCloudDrive\Documents\GitHub\nmradcc\DCCAnalyzer\Kingst\vs2013\Release\x64\DCCAnalyzer.dll
